[/workspace/middleware-soc/bm_opencv/modules/core/src/cv_bmcpu.cpp:49->InternalBMCpuRegister]total 12 devices need to enable on-chip CPU. It may need serveral minutes                     for loading, please be patient....
[/workspace/middleware-soc/bm_opencv/modules/core/src/cv_bmcpu.cpp:97->InternalBMCpuRegister]0/12 devices finished
[/workspace/middleware-soc/bm_opencv/modules/core/src/cv_bmcpu.cpp:97->InternalBMCpuRegister]1/12 devices finished
[/workspace/middleware-soc/bm_opencv/modules/core/src/cv_bmcpu.cpp:97->InternalBMCpuRegister]2/12 devices finished
[/workspace/middleware-soc/bm_opencv/modules/core/src/cv_bmcpu.cpp:97->InternalBMCpuRegister]3/12 devices finished
[/workspace/middleware-soc/bm_opencv/modules/core/src/cv_bmcpu.cpp:97->InternalBMCpuRegister]4/12 devices finished
[/workspace/middleware-soc/bm_opencv/modules/core/src/cv_bmcpu.cpp:97->InternalBMCpuRegister]5/12 devices finished
[/workspace/middleware-soc/bm_opencv/modules/core/src/cv_bmcpu.cpp:97->InternalBMCpuRegister]6/12 devices finished
[/workspace/middleware-soc/bm_opencv/modules/core/src/cv_bmcpu.cpp:97->InternalBMCpuRegister]7/12 devices finished
[/workspace/middleware-soc/bm_opencv/modules/core/src/cv_bmcpu.cpp:97->InternalBMCpuRegister]8/12 devices finished
[/workspace/middleware-soc/bm_opencv/modules/core/src/cv_bmcpu.cpp:97->InternalBMCpuRegister]9/12 devices finished
[/workspace/middleware-soc/bm_opencv/modules/core/src/cv_bmcpu.cpp:97->InternalBMCpuRegister]10/12 devices finished
[/workspace/middleware-soc/bm_opencv/modules/core/src/cv_bmcpu.cpp:97->InternalBMCpuRegister]11/12 devices finished
[/workspace/middleware-soc/bm_opencv/modules/core/src/cv_bmcpu.cpp:106->InternalBMCpuRegister]device 0 failed to enable on-chip CPU! If not using bmcpu_opencv function, please ignore it.
[/workspace/middleware-soc/bm_opencv/modules/core/src/cv_bmcpu.cpp:106->InternalBMCpuRegister]device 1 failed to enable on-chip CPU! If not using bmcpu_opencv function, please ignore it.
[/workspace/middleware-soc/bm_opencv/modules/core/src/cv_bmcpu.cpp:106->InternalBMCpuRegister]device 2 failed to enable on-chip CPU! If not using bmcpu_opencv function, please ignore it.
[/workspace/middleware-soc/bm_opencv/modules/core/src/cv_bmcpu.cpp:106->InternalBMCpuRegister]device 3 failed to enable on-chip CPU! If not using bmcpu_opencv function, please ignore it.
[/workspace/middleware-soc/bm_opencv/modules/core/src/cv_bmcpu.cpp:106->InternalBMCpuRegister]device 4 failed to enable on-chip CPU! If not using bmcpu_opencv function, please ignore it.
[/workspace/middleware-soc/bm_opencv/modules/core/src/cv_bmcpu.cpp:106->InternalBMCpuRegister]device 5 failed to enable on-chip CPU! If not using bmcpu_opencv function, please ignore it.
[/workspace/middleware-soc/bm_opencv/modules/core/src/cv_bmcpu.cpp:106->InternalBMCpuRegister]device 6 failed to enable on-chip CPU! If not using bmcpu_opencv function, please ignore it.
[/workspace/middleware-soc/bm_opencv/modules/core/src/cv_bmcpu.cpp:106->InternalBMCpuRegister]device 7 failed to enable on-chip CPU! If not using bmcpu_opencv function, please ignore it.
[/workspace/middleware-soc/bm_opencv/modules/core/src/cv_bmcpu.cpp:106->InternalBMCpuRegister]device 8 failed to enable on-chip CPU! If not using bmcpu_opencv function, please ignore it.
[/workspace/middleware-soc/bm_opencv/modules/core/src/cv_bmcpu.cpp:106->InternalBMCpuRegister]device 9 failed to enable on-chip CPU! If not using bmcpu_opencv function, please ignore it.
[/workspace/middleware-soc/bm_opencv/modules/core/src/cv_bmcpu.cpp:106->InternalBMCpuRegister]device 10 failed to enable on-chip CPU! If not using bmcpu_opencv function, please ignore it.
[/workspace/middleware-soc/bm_opencv/modules/core/src/cv_bmcpu.cpp:106->InternalBMCpuRegister]device 11 failed to enable on-chip CPU! If not using bmcpu_opencv function, please ignore it.
Cannot find valid model file.
[/workspace/middleware-soc/bm_opencv/modules/core/src/cv_bmcpu.cpp:115->~InternalBMCpuRegister]deconstructor function is called
